This file contains any messages produced by compilers while
running configure, to aid debugging if configure makes a mistake.

It was created by configure, which was
generated by GNU Autoconf 2.69.  Invocation command line was

  $ ./configure --host=arm-android-linux --target=arm-android-linux

## --------- ##
## Platform. ##
## --------- ##

hostname = macpro
uname -m = x86_64
uname -r = 12.2.1
uname -s = Darwin
uname -v = Darwin Kernel Version 12.2.1: Thu Oct 18 12:13:47 PDT 2012; root:xnu-2050.20.9~1/RELEASE_X86_64

/usr/bin/uname -p = i386
/bin/uname -X     = unknown

/bin/arch              = unknown
/usr/bin/arch -k       = unknown
/usr/convex/getsysinfo = unknown
/usr/bin/hostinfo      = Mach kernel version:
	 Darwin Kernel Version 12.2.1: Thu Oct 18 12:13:47 PDT 2012; root:xnu-2050.20.9~1/RELEASE_X86_64
Kernel configured for up to 8 processors.
4 processors are physically available.
8 processors are logically available.
Processor type: i486 (Intel 80486)
Processors active: 0 1 2 3 4 5 6 7
Primary memory available: 16.00 gigabytes
Default processor set: 154 tasks, 725 threads, 8 processors
Load average: 0.61, Mach factor: 7.38
/bin/machine           = unknown
/usr/bin/oslevel       = unknown
/bin/universe          = unknown

PATH: /Users/btaylor/src/portopot/ENV/bin
PATH: /Users/btaylor/.rvm/gems/ruby-1.9.2-p320/bin
PATH: /Users/btaylor/.rvm/gems/ruby-1.9.2-p320@global/bin
PATH: /Users/btaylor/.rvm/rubies/ruby-1.9.2-p320/bin
PATH: /Users/btaylor/.rvm/bin
PATH: /usr/bin
PATH: /bin
PATH: /usr/sbin
PATH: /sbin
PATH: /usr/local/bin
PATH: /usr/texbin
PATH: /usr/bin
PATH: /bin


## ----------- ##
## Core tests. ##
## ----------- ##

configure:2325: checking build system type
configure:2339: result: x86_64-apple-darwin12.2.1
configure:2359: checking host system type
configure:2372: result: arm-unknown-linux-android
configure:2392: checking target system type
configure:2405: result: arm-unknown-linux-android
configure:2451: checking for a BSD-compatible install
configure:2519: result: /usr/bin/install -c
configure:2530: checking whether build environment is sane
configure:2585: result: yes
configure:2644: checking for arm-android-linux-strip
configure:2674: result: no
configure:2684: checking for strip
configure:2700: found /usr/bin/strip
configure:2711: result: strip
configure:2736: checking for a thread-safe mkdir -p
configure:2775: result: /usr/local/bin/gmkdir -p
configure:2782: checking for gawk
configure:2798: found /usr/local/bin/gawk
configure:2809: result: gawk
configure:2820: checking whether make sets $(MAKE)
configure:2842: result: yes
configure:2931: checking whether to enable maintainer-specific portions of Makefiles
configure:2940: result: no
configure:2972: checking for arm-android-linux-gcc
configure:3002: result: no
configure:3012: checking for gcc
configure:3028: found /usr/bin/gcc
configure:3039: result: gcc
configure:3268: checking for C compiler version
configure:3277: gcc --version >&5
i686-apple-darwin11-llvm-gcc-4.2 (GCC) 4.2.1 (Based on Apple Inc. build 5658) (LLVM build 2336.11.00)
Copyright (C) 2007 Free Software Foundation, Inc.
This is free software; see the source for copying conditions.  There is NO
warranty; not even for MERCHANTABILITY or FITNESS FOR A PARTICULAR PURPOSE.

configure:3288: $? = 0
configure:3277: gcc -v >&5
Using built-in specs.
Target: i686-apple-darwin11
Configured with: /private/var/tmp/llvmgcc42/llvmgcc42-2336.11~67/src/configure --disable-checking --enable-werror --prefix=/Applications/Xcode.app/Contents/Developer/usr/llvm-gcc-4.2 --mandir=/share/man --enable-languages=c,objc,c++,obj-c++ --program-prefix=llvm- --program-transform-name=/^[cg][^.-]*$/s/$/-4.2/ --with-slibdir=/usr/lib --build=i686-apple-darwin11 --enable-llvm=/private/var/tmp/llvmgcc42/llvmgcc42-2336.11~67/dst-llvmCore/Developer/usr/local --program-prefix=i686-apple-darwin11- --host=x86_64-apple-darwin11 --target=i686-apple-darwin11 --with-gxx-include-dir=/usr/include/c++/4.2.1
Thread model: posix
gcc version 4.2.1 (Based on Apple Inc. build 5658) (LLVM build 2336.11.00)
configure:3288: $? = 0
configure:3277: gcc -V >&5
llvm-gcc-4.2: argument to `-V' is missing
configure:3288: $? = 1
configure:3277: gcc -qversion >&5
i686-apple-darwin11-llvm-gcc-4.2: no input files
configure:3288: $? = 1
configure:3308: checking whether the C compiler works
configure:3330: gcc    conftest.c  >&5
configure:3334: $? = 0
configure:3382: result: yes
configure:3385: checking for C compiler default output file name
configure:3387: result: a.out
configure:3393: checking for suffix of executables
configure:3400: gcc -o conftest    conftest.c  >&5
configure:3404: $? = 0
configure:3426: result: 
configure:3448: checking whether we are cross compiling
configure:3456: gcc -o conftest    conftest.c  >&5
configure:3460: $? = 0
configure:3467: ./conftest
configure:3471: $? = 0
configure:3486: result: no
configure:3491: checking for suffix of object files
configure:3513: gcc -c   conftest.c >&5
configure:3517: $? = 0
configure:3538: result: o
configure:3542: checking whether we are using the GNU C compiler
configure:3561: gcc -c   conftest.c >&5
configure:3561: $? = 0
configure:3570: result: yes
configure:3579: checking whether gcc accepts -g
configure:3599: gcc -c -g  conftest.c >&5
configure:3599: $? = 0
configure:3640: result: yes
configure:3657: checking for gcc option to accept ISO C89
configure:3720: gcc  -c -g -O2  conftest.c >&5
configure:3720: $? = 0
configure:3733: result: none needed
configure:3764: checking for style of include used by make
configure:3792: result: GNU
configure:3818: checking dependency style of gcc
configure:3929: result: gcc3
configure:3949: checking how to run the C preprocessor
configure:3980: gcc -E  conftest.c
configure:3980: $? = 0
configure:3994: gcc -E  conftest.c
conftest.c:11:28: error: ac_nonexistent.h: No such file or directory
configure:3994: $? = 1
configure: failed program was:
| /* confdefs.h */
| #define PACKAGE_NAME ""
| #define PACKAGE_TARNAME ""
| #define PACKAGE_VERSION ""
| #define PACKAGE_STRING ""
| #define PACKAGE_BUGREPORT ""
| #define PACKAGE_URL ""
| #define PACKAGE "libvorbisidec"
| #define VERSION "1.2.1"
| /* end confdefs.h.  */
| #include <ac_nonexistent.h>
configure:4019: result: gcc -E
configure:4039: gcc -E  conftest.c
configure:4039: $? = 0
configure:4053: gcc -E  conftest.c
conftest.c:11:28: error: ac_nonexistent.h: No such file or directory
configure:4053: $? = 1
configure: failed program was:
| /* confdefs.h */
| #define PACKAGE_NAME ""
| #define PACKAGE_TARNAME ""
| #define PACKAGE_VERSION ""
| #define PACKAGE_STRING ""
| #define PACKAGE_BUGREPORT ""
| #define PACKAGE_URL ""
| #define PACKAGE "libvorbisidec"
| #define VERSION "1.2.1"
| /* end confdefs.h.  */
| #include <ac_nonexistent.h>
configure:4129: checking how to print strings
configure:4156: result: printf
configure:4177: checking for a sed that does not truncate output
configure:4241: result: /usr/local/bin/gsed
configure:4259: checking for grep that handles long lines and -e
configure:4317: result: /usr/bin/grep
configure:4322: checking for egrep
configure:4384: result: /usr/bin/grep -E
configure:4389: checking for fgrep
configure:4451: result: /usr/bin/grep -F
configure:4486: checking for ld used by gcc
configure:4553: result: /usr/llvm-gcc-4.2/libexec/gcc/i686-apple-darwin11/4.2.1/ld
configure:4560: checking if the linker (/usr/llvm-gcc-4.2/libexec/gcc/i686-apple-darwin11/4.2.1/ld) is GNU ld
configure:4575: result: no
configure:4587: checking for BSD- or MS-compatible name lister (nm)
configure:4636: result: no
configure:4650: checking for arm-android-linux-dumpbin
configure:4680: result: no
configure:4650: checking for arm-android-linux-link
configure:4680: result: no
configure:4694: checking for dumpbin
configure:4724: result: no
configure:4694: checking for link
configure:4710: found /bin/link
configure:4721: result: link -dump
configure:4766: checking the name lister (nm) interface
configure:4773: gcc -c   conftest.c >&5
configure:4776: nm "conftest.o"
configure:4779: output
0000000000000000 S _some_variable
configure:4786: result: BSD nm
configure:4789: checking whether ln -s works
configure:4793: result: yes
configure:4801: checking the maximum length of command line arguments
configure:4931: result: 196608
configure:4948: checking whether the shell understands some XSI constructs
configure:4958: result: yes
configure:4962: checking whether the shell understands "+="
configure:4968: result: yes
configure:5003: checking how to convert x86_64-apple-darwin12.2.1 file names to arm-unknown-linux-android format
configure:5043: result: func_convert_file_noop
configure:5050: checking how to convert x86_64-apple-darwin12.2.1 file names to toolchain format
configure:5070: result: func_convert_file_noop
configure:5077: checking for /usr/llvm-gcc-4.2/libexec/gcc/i686-apple-darwin11/4.2.1/ld option to reload object files
configure:5084: result: -r
configure:5118: checking for arm-android-linux-objdump
configure:5148: result: no
configure:5158: checking for objdump
configure:5188: result: no
configure:5217: checking how to recognize dependent libraries
configure:5419: result: pass_all
configure:5464: checking for arm-android-linux-dlltool
configure:5494: result: no
configure:5504: checking for dlltool
configure:5534: result: no
configure:5564: checking how to associate runtime and link libraries
configure:5591: result: printf %s\n
configure:5608: checking for arm-android-linux-ar
configure:5638: result: no
configure:5652: checking for ar
configure:5668: found /usr/bin/ar
configure:5679: result: ar
configure:5716: checking for archiver @FILE support
configure:5733: gcc -c   conftest.c >&5
configure:5733: $? = 0
configure:5736: ar cru libconftest.a @conftest.lst >&5
ar: @conftest.lst: No such file or directory
configure:5739: $? = 1
configure:5759: result: no
configure:5777: checking for arm-android-linux-strip
configure:5804: result: strip
configure:5876: checking for arm-android-linux-ranlib
configure:5906: result: no
configure:5916: checking for ranlib
configure:5932: found /usr/bin/ranlib
configure:5943: result: ranlib
configure:6045: checking command to parse nm output from gcc object
configure:6165: gcc -c   conftest.c >&5
configure:6168: $? = 0
configure:6172: nm conftest.o \| sed -n -e 's/^.*[ ]\([BCDEGRST][BCDEGRST]*\)[ ][ ]*\([_A-Za-z][_A-Za-z0-9]*\)$/\1 \2 \2/p' | sed '/ __gnu_lto/d' \> conftest.nm
configure:6175: $? = 0
cannot find nm_test_var in conftest.nm
configure:6165: gcc -c   conftest.c >&5
configure:6168: $? = 0
configure:6172: nm conftest.o \| sed -n -e 's/^.*[ ]\([BCDEGRST][BCDEGRST]*\)[ ][ ]*_\([_A-Za-z][_A-Za-z0-9]*\)$/\1 _\2 \2/p' | sed '/ __gnu_lto/d' \> conftest.nm
configure:6175: $? = 0
configure:6241: gcc -o conftest    conftest.c conftstm.o >&5
configure:6244: $? = 0
configure:6282: result: ok
configure:6319: checking for sysroot
configure:6349: result: no
configure:6565: checking for arm-android-linux-mt
configure:6595: result: no
configure:6605: checking for mt
configure:6635: result: no
configure:6655: checking if : is a manifest tool
configure:6661: : '-?'
configure:6669: result: no
configure:7307: checking for ANSI C header files
configure:7327: gcc -c   conftest.c >&5
configure:7327: $? = 0
configure:7400: gcc -o conftest    conftest.c  >&5
configure:7400: $? = 0
configure:7400: ./conftest
configure:7400: $? = 0
configure:7411: result: yes
configure:7424: checking for sys/types.h
configure:7424: gcc -c   conftest.c >&5
configure:7424: $? = 0
configure:7424: result: yes
configure:7424: checking for sys/stat.h
configure:7424: gcc -c   conftest.c >&5
configure:7424: $? = 0
configure:7424: result: yes
configure:7424: checking for stdlib.h
configure:7424: gcc -c   conftest.c >&5
configure:7424: $? = 0
configure:7424: result: yes
configure:7424: checking for string.h
configure:7424: gcc -c   conftest.c >&5
configure:7424: $? = 0
configure:7424: result: yes
configure:7424: checking for memory.h
configure:7424: gcc -c   conftest.c >&5
configure:7424: $? = 0
configure:7424: result: yes
configure:7424: checking for strings.h
configure:7424: gcc -c   conftest.c >&5
configure:7424: $? = 0
configure:7424: result: yes
configure:7424: checking for inttypes.h
configure:7424: gcc -c   conftest.c >&5
configure:7424: $? = 0
configure:7424: result: yes
configure:7424: checking for stdint.h
configure:7424: gcc -c   conftest.c >&5
configure:7424: $? = 0
configure:7424: result: yes
configure:7424: checking for unistd.h
configure:7424: gcc -c   conftest.c >&5
configure:7424: $? = 0
configure:7424: result: yes
configure:7438: checking for dlfcn.h
configure:7438: gcc -c   conftest.c >&5
configure:7438: $? = 0
configure:7438: result: yes
configure:7644: checking for objdir
configure:7659: result: .libs
configure:7926: checking if gcc supports -fno-rtti -fno-exceptions
configure:7944: gcc -c   -fno-rtti -fno-exceptions conftest.c >&5
cc1: warning: command line option "-fno-rtti" is valid for C++/ObjC++ but not for C
configure:7948: $? = 0
configure:7961: result: no
configure:8288: checking for gcc option to produce PIC
configure:8295: result: -fPIC -DPIC
configure:8303: checking if gcc PIC flag -fPIC -DPIC works
configure:8321: gcc -c   -fPIC -DPIC -DPIC conftest.c >&5
configure:8325: $? = 0
configure:8338: result: yes
configure:8367: checking if gcc static flag -static works
configure:8395: result: no
configure:8410: checking if gcc supports -c -o file.o
configure:8431: gcc -c   -o out/conftest2.o conftest.c >&5
configure:8435: $? = 0
configure:8457: result: yes
configure:8465: checking if gcc supports -c -o file.o
configure:8512: result: yes
configure:8545: checking whether the gcc linker (/usr/llvm-gcc-4.2/libexec/gcc/i686-apple-darwin11/4.2.1/ld) supports shared libraries
configure:9698: result: no
configure:9938: checking dynamic linker characteristics
configure:10449: gcc -o conftest     conftest.c  >&5
configure:10449: $? = 0
configure:10671: result: GNU/Linux ld.so
configure:10778: checking how to hardcode library paths into programs
configure:10803: result: unsupported
configure:11343: checking whether stripping libraries is possible
configure:11365: result: no
configure:11383: checking if libtool supports shared libraries
configure:11385: result: no
configure:11388: checking whether to build shared libraries
configure:11409: result: no
configure:11412: checking whether to build static libraries
configure:11416: result: yes
configure:11500: checking for ld used by gcc
configure:11567: result: /usr/llvm-gcc-4.2/libexec/gcc/i686-apple-darwin11/4.2.1/ld
configure:11574: checking if the linker (/usr/llvm-gcc-4.2/libexec/gcc/i686-apple-darwin11/4.2.1/ld) is GNU ld
configure:11589: result: no
configure:11613: checking for memory.h
configure:11613: result: yes
configure:11636: checking for arm-android-linux-pkg-config
configure:11669: result: no
configure:11679: checking for pkg-config
configure:11697: found /usr/bin/pkg-config
configure:11709: result: /usr/bin/pkg-config
configure:11734: checking pkg-config is at least version 0.9.0
configure:11737: result: yes
configure:11751: checking for OGG
configure:11758: $PKG_CONFIG --exists --print-errors "ogg >= 1.0"
Package ogg was not found in the pkg-config search path.
Perhaps you should add the directory containing `ogg.pc'
to the PKG_CONFIG_PATH environment variable
No package 'ogg' found
configure:11761: $? = 1
configure:11775: $PKG_CONFIG --exists --print-errors "ogg >= 1.0"
Package ogg was not found in the pkg-config search path.
Perhaps you should add the directory containing `ogg.pc'
to the PKG_CONFIG_PATH environment variable
No package 'ogg' found
configure:11778: $? = 1
configure:11792: result: no
No package 'ogg' found
configure:11879: checking for Ogg
configure:11914: gcc -o conftest -O2 -D_ARM_ASSEM_ -fsigned-char  -D_REENTRANT -DUSE_MEMORY_H     conftest.c   -logg >&5
configure:11914: $? = 0
configure:11914: ./conftest
configure:11914: $? = 0
configure:11932: result: yes
configure:11988: checking for oggpack_writealign
configure:11988: gcc -o conftest -O2 -D_ARM_ASSEM_ -fsigned-char  -D_REENTRANT -DUSE_MEMORY_H    conftest.c  -logg >&5
configure:11988: $? = 0
configure:11988: result: yes
configure:11999: checking for size_t
configure:11999: gcc -c -O2 -D_ARM_ASSEM_ -fsigned-char  -D_REENTRANT -DUSE_MEMORY_H  conftest.c >&5
configure:11999: $? = 0
configure:11999: gcc -c -O2 -D_ARM_ASSEM_ -fsigned-char  -D_REENTRANT -DUSE_MEMORY_H  conftest.c >&5
conftest.c: In function 'main':
conftest.c:59: error: expected expression before ')' token
configure:11999: $? = 1
configure: failed program was:
| /* confdefs.h */
| #define PACKAGE_NAME ""
| #define PACKAGE_TARNAME ""
| #define PACKAGE_VERSION ""
| #define PACKAGE_STRING ""
| #define PACKAGE_BUGREPORT ""
| #define PACKAGE_URL ""
| #define PACKAGE "libvorbisidec"
| #define VERSION "1.2.1"
| #define STDC_HEADERS 1
| #define HAVE_SYS_TYPES_H 1
| #define HAVE_SYS_STAT_H 1
| #define HAVE_STDLIB_H 1
| #define HAVE_STRING_H 1
| #define HAVE_MEMORY_H 1
| #define HAVE_STRINGS_H 1
| #define HAVE_INTTYPES_H 1
| #define HAVE_STDINT_H 1
| #define HAVE_UNISTD_H 1
| #define HAVE_DLFCN_H 1
| #define LT_OBJDIR ".libs/"
| /* end confdefs.h.  */
| #include <stdio.h>
| #ifdef HAVE_SYS_TYPES_H
| # include <sys/types.h>
| #endif
| #ifdef HAVE_SYS_STAT_H
| # include <sys/stat.h>
| #endif
| #ifdef STDC_HEADERS
| # include <stdlib.h>
| # include <stddef.h>
| #else
| # ifdef HAVE_STDLIB_H
| #  include <stdlib.h>
| # endif
| #endif
| #ifdef HAVE_STRING_H
| # if !defined STDC_HEADERS && defined HAVE_MEMORY_H
| #  include <memory.h>
| # endif
| # include <string.h>
| #endif
| #ifdef HAVE_STRINGS_H
| # include <strings.h>
| #endif
| #ifdef HAVE_INTTYPES_H
| # include <inttypes.h>
| #endif
| #ifdef HAVE_STDINT_H
| # include <stdint.h>
| #endif
| #ifdef HAVE_UNISTD_H
| # include <unistd.h>
| #endif
| int
| main ()
| {
| if (sizeof ((size_t)))
| 	    return 0;
|   ;
|   return 0;
| }
configure:11999: result: yes
configure:12012: checking for working alloca.h
configure:12029: gcc -o conftest -O2 -D_ARM_ASSEM_ -fsigned-char  -D_REENTRANT -DUSE_MEMORY_H    conftest.c  >&5
configure:12029: $? = 0
configure:12037: result: yes
configure:12045: checking for alloca
configure:12082: gcc -o conftest -O2 -D_ARM_ASSEM_ -fsigned-char  -D_REENTRANT -DUSE_MEMORY_H    conftest.c  >&5
configure:12082: $? = 0
configure:12090: result: yes
configure:12196: checking for working memcmp
configure:12239: gcc -o conftest -O2 -D_ARM_ASSEM_ -fsigned-char  -D_REENTRANT -DUSE_MEMORY_H    conftest.c  >&5
configure:12239: $? = 0
configure:12239: ./conftest
configure:12239: $? = 0
configure:12249: result: yes
configure:12377: checking that generated files are newer than configure
configure:12383: result: done
configure:12410: creating ./config.status

## ---------------------- ##
## Running config.status. ##
## ---------------------- ##

This file was extended by config.status, which was
generated by GNU Autoconf 2.69.  Invocation command line was

  CONFIG_FILES    = 
  CONFIG_HEADERS  = 
  CONFIG_LINKS    = 
  CONFIG_COMMANDS = 
  $ ./config.status 

on macpro

config.status:1095: creating Makefile
config.status:1095: creating Version_script
config.status:1095: creating vorbisidec.pc
config.status:1095: creating config.h
config.status:1276: config.h is unchanged
config.status:1324: executing depfiles commands
config.status:1324: executing libtool commands

## ---------------- ##
## Cache variables. ##
## ---------------- ##

ac_cv_build=x86_64-apple-darwin12.2.1
ac_cv_c_compiler_gnu=yes
ac_cv_env_CC_set=
ac_cv_env_CC_value=
ac_cv_env_CFLAGS_set=
ac_cv_env_CFLAGS_value=
ac_cv_env_CPPFLAGS_set=
ac_cv_env_CPPFLAGS_value=
ac_cv_env_CPP_set=
ac_cv_env_CPP_value=
ac_cv_env_LDFLAGS_set=
ac_cv_env_LDFLAGS_value=
ac_cv_env_LIBS_set=
ac_cv_env_LIBS_value=
ac_cv_env_OGG_CFLAGS_set=
ac_cv_env_OGG_CFLAGS_value=
ac_cv_env_OGG_LIBS_set=
ac_cv_env_OGG_LIBS_value=
ac_cv_env_PKG_CONFIG_LIBDIR_set=
ac_cv_env_PKG_CONFIG_LIBDIR_value=
ac_cv_env_PKG_CONFIG_PATH_set=
ac_cv_env_PKG_CONFIG_PATH_value=
ac_cv_env_PKG_CONFIG_set=
ac_cv_env_PKG_CONFIG_value=
ac_cv_env_build_alias_set=
ac_cv_env_build_alias_value=
ac_cv_env_host_alias_set=set
ac_cv_env_host_alias_value=arm-android-linux
ac_cv_env_target_alias_set=set
ac_cv_env_target_alias_value=arm-android-linux
ac_cv_func_alloca_works=yes
ac_cv_func_memcmp_working=yes
ac_cv_func_oggpack_writealign=yes
ac_cv_header_dlfcn_h=yes
ac_cv_header_inttypes_h=yes
ac_cv_header_memory_h=yes
ac_cv_header_stdc=yes
ac_cv_header_stdint_h=yes
ac_cv_header_stdlib_h=yes
ac_cv_header_string_h=yes
ac_cv_header_strings_h=yes
ac_cv_header_sys_stat_h=yes
ac_cv_header_sys_types_h=yes
ac_cv_header_unistd_h=yes
ac_cv_host=arm-unknown-linux-android
ac_cv_objext=o
ac_cv_path_EGREP='/usr/bin/grep -E'
ac_cv_path_FGREP='/usr/bin/grep -F'
ac_cv_path_GREP=/usr/bin/grep
ac_cv_path_SED=/usr/local/bin/gsed
ac_cv_path_ac_pt_PKG_CONFIG=/usr/bin/pkg-config
ac_cv_path_install='/usr/bin/install -c'
ac_cv_path_mkdir=/usr/local/bin/gmkdir
ac_cv_prog_AWK=gawk
ac_cv_prog_CPP='gcc -E'
ac_cv_prog_STRIP=strip
ac_cv_prog_ac_ct_AR=ar
ac_cv_prog_ac_ct_CC=gcc
ac_cv_prog_ac_ct_DUMPBIN='link -dump'
ac_cv_prog_ac_ct_RANLIB=ranlib
ac_cv_prog_ac_ct_STRIP=strip
ac_cv_prog_cc_c89=
ac_cv_prog_cc_g=yes
ac_cv_prog_make_make_set=yes
ac_cv_target=arm-unknown-linux-android
ac_cv_type_size_t=yes
ac_cv_working_alloca_h=yes
am_cv_CC_dependencies_compiler_type=gcc3
lt_cv_ar_at_file=no
lt_cv_deplibs_check_method=pass_all
lt_cv_file_magic_cmd='$MAGIC_CMD'
lt_cv_file_magic_test_file=
lt_cv_ld_reload_flag=-r
lt_cv_nm_interface='BSD nm'
lt_cv_objdir=.libs
lt_cv_path_LD=/usr/llvm-gcc-4.2/libexec/gcc/i686-apple-darwin11/4.2.1/ld
lt_cv_path_NM=no
lt_cv_path_mainfest_tool=no
lt_cv_prog_compiler_c_o=yes
lt_cv_prog_compiler_pic='-fPIC -DPIC'
lt_cv_prog_compiler_pic_works=yes
lt_cv_prog_compiler_rtti_exceptions=no
lt_cv_prog_compiler_static_works=no
lt_cv_prog_gnu_ld=no
lt_cv_sharedlib_from_linklib_cmd='printf %s\n'
lt_cv_shlibpath_overrides_runpath=no
lt_cv_sys_global_symbol_pipe='sed -n -e '\''s/^.*[	 ]\([BCDEGRST][BCDEGRST]*\)[	 ][	 ]*_\([_A-Za-z][_A-Za-z0-9]*\)$/\1 _\2 \2/p'\'' | sed '\''/ __gnu_lto/d'\'''
lt_cv_sys_global_symbol_to_c_name_address='sed -n -e '\''s/^: \([^ ]*\)[ ]*$/  {\"\1\", (void *) 0},/p'\'' -e '\''s/^[BCDEGRST]* \([^ ]*\) \([^ ]*\)$/  {"\2", (void *) \&\2},/p'\'''
lt_cv_sys_global_symbol_to_c_name_address_lib_prefix='sed -n -e '\''s/^: \([^ ]*\)[ ]*$/  {\"\1\", (void *) 0},/p'\'' -e '\''s/^[BCDEGRST]* \([^ ]*\) \(lib[^ ]*\)$/  {"\2", (void *) \&\2},/p'\'' -e '\''s/^[BCDEGRST]* \([^ ]*\) \([^ ]*\)$/  {"lib\2", (void *) \&\2},/p'\'''
lt_cv_sys_global_symbol_to_cdecl='sed -n -e '\''s/^T .* \(.*\)$/extern int \1();/p'\'' -e '\''s/^[BCDEGRST]* .* \(.*\)$/extern char \1;/p'\'''
lt_cv_sys_max_cmd_len=196608
lt_cv_to_host_file_cmd=func_convert_file_noop
lt_cv_to_tool_file_cmd=func_convert_file_noop

## ----------------- ##
## Output variables. ##
## ----------------- ##

ACLOCAL='${SHELL} /Users/btaylor/src/portopot/vender/tremor/missing --run aclocal-1.12'
ALLOCA=''
AMDEPBACKSLASH='\'
AMDEP_FALSE='#'
AMDEP_TRUE=''
AMTAR='$${TAR-tar}'
AR='ar'
AUTOCONF='${SHELL} /Users/btaylor/src/portopot/vender/tremor/missing --run autoconf'
AUTOHEADER='${SHELL} /Users/btaylor/src/portopot/vender/tremor/missing --run autoheader'
AUTOMAKE='${SHELL} /Users/btaylor/src/portopot/vender/tremor/missing --run automake-1.12'
AWK='gawk'
CC='gcc'
CCDEPMODE='depmode=gcc3'
CFLAGS='-O2 -D_ARM_ASSEM_ -fsigned-char  -D_REENTRANT -DUSE_MEMORY_H'
CPP='gcc -E'
CPPFLAGS=''
CYGPATH_W='echo'
DEBUG='-g -Wall -D__NO_MATH_INLINES -fsigned-char -D_ARM_ASSEM_'
DEFS='-DHAVE_CONFIG_H'
DEPDIR='.deps'
DLLTOOL='false'
DSYMUTIL=''
DUMPBIN=':'
ECHO_C='\c'
ECHO_N=''
ECHO_T=''
EGREP='/usr/bin/grep -E'
EXEEXT=''
FGREP='/usr/bin/grep -F'
GREP='/usr/bin/grep'
INSTALL_DATA='${INSTALL} -m 644'
INSTALL_PROGRAM='${INSTALL}'
INSTALL_SCRIPT='${INSTALL}'
INSTALL_STRIP_PROGRAM='$(install_sh) -c -s'
LD='/usr/llvm-gcc-4.2/libexec/gcc/i686-apple-darwin11/4.2.1/ld'
LDFLAGS=' '
LIBOBJS=''
LIBS=''
LIBTOOL='$(SHELL) $(top_builddir)/libtool'
LIPO=''
LN_S='ln -s'
LTLIBOBJS=''
MAINT='#'
MAINTAINER_MODE_FALSE=''
MAINTAINER_MODE_TRUE='#'
MAKEINFO='${SHELL} /Users/btaylor/src/portopot/vender/tremor/missing --run makeinfo'
MANIFEST_TOOL=':'
MKDIR_P='/usr/local/bin/gmkdir -p'
NM='nm'
NMEDIT=''
OBJDUMP='false'
OBJEXT='o'
OGG_CFLAGS=''
OGG_LIBS=' -logg'
OTOOL64=''
OTOOL=''
PACKAGE='libvorbisidec'
PACKAGE_BUGREPORT=''
PACKAGE_NAME=''
PACKAGE_STRING=''
PACKAGE_TARNAME=''
PACKAGE_URL=''
PACKAGE_VERSION=''
PATH_SEPARATOR=':'
PKG_CONFIG='/usr/bin/pkg-config'
PKG_CONFIG_LIBDIR=''
PKG_CONFIG_PATH=''
PROFILE='-W -pg -g -O2 -D_ARM_ASSEM_ -fsigned-char -fno-inline-functions'
RANLIB='ranlib'
SED='/usr/local/bin/gsed'
SET_MAKE=''
SHELL='/bin/sh'
STRIP='strip'
VERSION='1.2.1'
V_LIB_AGE='0'
V_LIB_CURRENT='1'
V_LIB_REVISION='3'
ac_ct_AR='ar'
ac_ct_CC='gcc'
ac_ct_DUMPBIN='link -dump'
am__EXEEXT_FALSE=''
am__EXEEXT_TRUE='#'
am__fastdepCC_FALSE='#'
am__fastdepCC_TRUE=''
am__include='include'
am__isrc=''
am__leading_dot='.'
am__nodep='_no'
am__quote=''
am__tar='$${TAR-tar} chof - "$$tardir"'
am__untar='$${TAR-tar} xf -'
bindir='${exec_prefix}/bin'
build='x86_64-apple-darwin12.2.1'
build_alias=''
build_cpu='x86_64'
build_os='darwin12.2.1'
build_vendor='apple'
datadir='${datarootdir}'
datarootdir='${prefix}/share'
docdir='${datarootdir}/doc/${PACKAGE}'
dvidir='${docdir}'
exec_prefix='${prefix}'
host='arm-unknown-linux-android'
host_alias='arm-android-linux'
host_cpu='arm'
host_os='linux-android'
host_vendor='unknown'
htmldir='${docdir}'
includedir='${prefix}/include'
infodir='${datarootdir}/info'
install_sh='${SHELL} /Users/btaylor/src/portopot/vender/tremor/install-sh'
libdir='${exec_prefix}/lib'
libexecdir='${exec_prefix}/libexec'
localedir='${datarootdir}/locale'
localstatedir='${prefix}/var'
mandir='${datarootdir}/man'
mkdir_p='$(MKDIR_P)'
oldincludedir='/usr/include'
pdfdir='${docdir}'
prefix='/usr/local'
program_transform_name='s&^&arm-android-linux-&'
psdir='${docdir}'
sbindir='${exec_prefix}/sbin'
sharedstatedir='${prefix}/com'
sysconfdir='${prefix}/etc'
target='arm-unknown-linux-android'
target_alias='arm-android-linux'
target_cpu='arm'
target_os='linux-android'
target_vendor='unknown'

## ----------- ##
## confdefs.h. ##
## ----------- ##

/* confdefs.h */
#define PACKAGE_NAME ""
#define PACKAGE_TARNAME ""
#define PACKAGE_VERSION ""
#define PACKAGE_STRING ""
#define PACKAGE_BUGREPORT ""
#define PACKAGE_URL ""
#define PACKAGE "libvorbisidec"
#define VERSION "1.2.1"
#define STDC_HEADERS 1
#define HAVE_SYS_TYPES_H 1
#define HAVE_SYS_STAT_H 1
#define HAVE_STDLIB_H 1
#define HAVE_STRING_H 1
#define HAVE_MEMORY_H 1
#define HAVE_STRINGS_H 1
#define HAVE_INTTYPES_H 1
#define HAVE_STDINT_H 1
#define HAVE_UNISTD_H 1
#define HAVE_DLFCN_H 1
#define LT_OBJDIR ".libs/"
#define HAVE_ALLOCA_H 1
#define HAVE_ALLOCA 1

configure: exit 0
